<?xml version="1.0" encoding="UTF-8"?>
<!-- Generated by org.testng.reporters.JUnitReportReporter -->
<testsuite skipped="0" hostname="TYSS-PT-Srikanth" name="test.TestClass101" tests="1" failures="0" timestamp="11 Feb 2020 06:28:43 GMT" time="0.016" errors="0">
  <testcase name="tc101" time="0.016" classname="test.TestClass101"/>
</testsuite> <!-- test.TestClass101 -->
